The system is: Windows - 10.0.17134 - AMD64
Compiling the C compiler identification source file "CMakeCCompilerId.c" succeeded.
Compiler: Z:/Programmer (x86)/Visual Studio/VC/Tools/MSVC/14.23.28105/bin/HostX64/x64/cl.exe 
Build flags: 
Id flags:  

The output was:
0
Microsoft (R) C/C++ Optimizing Compiler Version 19.23.28107 for x64
Copyright (C) Microsoft Corporation.  All rights reserved.

CMakeCCompilerId.c
Microsoft (R) Incremental Linker Version 14.23.28107.0
Copyright (C) Microsoft Corporation.  All rights reserved.

/out:CMakeCCompilerId.exe 
CMakeCCompilerId.obj 


Compilation of the C compiler identification source "CMakeCCompilerId.c" produced "CMakeCCompilerId.exe"

Compilation of the C compiler identification source "CMakeCCompilerId.c" produced "CMakeCCompilerId.obj"

The C compiler identification is MSVC, found in "C:/Users/Christian/ctl/learningcpp/Simple2dEngine/lib/glm/out/build/x64-Debug/CMakeFiles/3.15.19080502-MSVC_2/CompilerIdC/CMakeCCompilerId.exe"

Compiling the CXX compiler identification source file "CMakeCXXCompilerId.cpp" succeeded.
Compiler: Z:/Programmer (x86)/Visual Studio/VC/Tools/MSVC/14.23.28105/bin/HostX64/x64/cl.exe 
Build flags: 
Id flags:  

The output was:
0
Microsoft (R) C/C++ Optimizing Compiler Version 19.23.28107 for x64
Copyright (C) Microsoft Corporation.  All rights reserved.

CMakeCXXCompilerId.cpp
Microsoft (R) Incremental Linker Version 14.23.28107.0
Copyright (C) Microsoft Corporation.  All rights reserved.

/out:CMakeCXXCompilerId.exe 
CMakeCXXCompilerId.obj 


Compilation of the CXX compiler identification source "CMakeCXXCompilerId.cpp" produced "CMakeCXXCompilerId.exe"

Compilation of the CXX compiler identification source "CMakeCXXCompilerId.cpp" produced "CMakeCXXCompilerId.obj"

The CXX compiler identification is MSVC, found in "C:/Users/Christian/ctl/learningcpp/Simple2dEngine/lib/glm/out/build/x64-Debug/CMakeFiles/3.15.19080502-MSVC_2/CompilerIdCXX/CMakeCXXCompilerId.exe"

Determining if the C compiler works passed with the following output:
Change Dir: C:/Users/Christian/ctl/learningcpp/Simple2dEngine/lib/glm/out/build/x64-Debug/CMakeFiles/CMakeTmp

Run Build Command(s):Z:/Programmer (x86)/Visual Studio/Common7/IDE/CommonExtensions/Microsoft/CMake/Ninja/ninja.exe cmTC_6789a && [1/2] Building C object CMakeFiles\cmTC_6789a.dir\testCCompiler.c.obj
[2/2] Linking C executable cmTC_6789a.exe



Detecting C compiler ABI info compiled with the following output:
Change Dir: C:/Users/Christian/ctl/learningcpp/Simple2dEngine/lib/glm/out/build/x64-Debug/CMakeFiles/CMakeTmp

Run Build Command(s):Z:/Programmer (x86)/Visual Studio/Common7/IDE/CommonExtensions/Microsoft/CMake/Ninja/ninja.exe cmTC_7f3fa && [1/2] Building C object CMakeFiles\cmTC_7f3fa.dir\CMakeCCompilerABI.c.obj
[2/2] Linking C executable cmTC_7f3fa.exe



Determining if the CXX compiler works passed with the following output:
Change Dir: C:/Users/Christian/ctl/learningcpp/Simple2dEngine/lib/glm/out/build/x64-Debug/CMakeFiles/CMakeTmp

Run Build Command(s):Z:/Programmer (x86)/Visual Studio/Common7/IDE/CommonExtensions/Microsoft/CMake/Ninja/ninja.exe cmTC_f10db && [1/2] Building CXX object CMakeFiles\cmTC_f10db.dir\testCXXCompiler.cxx.obj
[2/2] Linking CXX executable cmTC_f10db.exe



Detecting CXX compiler ABI info compiled with the following output:
Change Dir: C:/Users/Christian/ctl/learningcpp/Simple2dEngine/lib/glm/out/build/x64-Debug/CMakeFiles/CMakeTmp

Run Build Command(s):Z:/Programmer (x86)/Visual Studio/Common7/IDE/CommonExtensions/Microsoft/CMake/Ninja/ninja.exe cmTC_4340b && [1/2] Building CXX object CMakeFiles\cmTC_4340b.dir\CMakeCXXCompilerABI.cpp.obj
[2/2] Linking CXX executable cmTC_4340b.exe



